make all --print-data-base --no-builtin-variables --no-builtin-rules --question
# GNU Make 3.81
# Copyright (C) 2006  Free Software Foundation, Inc.
# This is free software; see the source for copying conditions.
# There is NO warranty; not even for MERCHANTABILITY or FITNESS FOR A
# PARTICULAR PURPOSE.

# This program built for i386-apple-darwin11.3.0
 

# Make data base, printed on Wed Jun 29 11:15:35 2022

# Variables

# automatic
<D = $(patsubst %/,%,$(dir $<))
# automatic
?F = $(notdir $?)
# environment
VSCODE_LOG_NATIVE = false
# makefile (from `Makefile', line 2)
TARGET = push_swap
# automatic
?D = $(patsubst %/,%,$(dir $?))
# makefile (from `Makefile', line 7)
INCLUDES = $(addprefix -I,$(INCLUDES_DIRS))
# automatic
@D = $(patsubst %/,%,$(dir $@))
# automatic
@F = $(notdir $@)
# makefile
CURDIR := /Users/jleroux/Workspace/push_swap3
# makefile
SHELL = /bin/sh
# environment
VSCODE_NLS_CONFIG = {"locale":"en-us","availableLanguages":{},"_languagePackSupport":true}
# environment
_ = /usr/bin/make
# makefile (from `Makefile', line 1)
CFLAGS = -Wall -Wextra -Werror 
# makefile (from `Makefile', line 1)
MAKEFILE_LIST :=  Makefile
# makefile (from `Makefile', line 33)
SRCS = $(patsubst %, $(SRCS_DIR)/%, $(_SRCS))
# environment
VSCODE_VERBOSE_LOGGING = true
# makefile (from `Makefile', line 32)
OBJS = $(patsubst %.c, $(OBJS_DIR)/%.o, $(_SRCS))
# environment
VSCODE_IPC_HOOK_EXTHOST = /var/folders/zz/zyxvpxvq6csfxvn_n000cb0w0032r7/T/vscode-ipc-07226cef-6c43-4b57-b169-57b6f183f103.sock
# environment
VSCODE_CWD = /
# environment
PATH = /Users/jleroux/.brew/bin:/usr/local/bin:/usr/bin:/bin:/usr/sbin:/sbin:/usr/local/munki
# makefile (from `Makefile', line 9)
_SRCS = bubble_sort.c check_input.c chunk_to_b.c copy_stack.c copy_strs.c count_arr.c create_empty_stack.c free_strs.c get_biggest.c get_smallest.c is_int.c is_sorted.c push_swap.c push.c rotate.c shift.c smart_rotate.c sort.c strs_to_ints.c swap.c 
# makefile (from `Makefile', line 3)
SRCS_DIR = ./srcs
# environment
VSCODE_LOG_STACK = false
# environment
ELECTRON_RUN_AS_NODE = 1
# default
.FEATURES := target-specific order-only second-expansion else-if archives jobserver check-symlink
# makefile (from `Makefile', line 5)
LIBFT_DIR = ./libft
# environment
SSH_AUTH_SOCK = /private/tmp/com.apple.launchd.U2BewoftXo/Listeners
# automatic
%F = $(notdir $%)
# environment
HOMEBREW_TEMP = /tmp/jleroux/Homebrew/Temp
# environment
VSCODE_PIPE_LOGGING = true
# environment
PWD = /Users/jleroux/Workspace/push_swap3
# makefile (from `Makefile', line 30)
OBJS_BONUS = $(patsubst %.c, $(OBJS_DIR)/%.o, $(_SRCS_BONUS))
# environment
ORIGINAL_XDG_CURRENT_DESKTOP = undefined
# makefile (from `Makefile', line 6)
INCLUDES_DIRS = ./includes $(LIBFT_DIR)
# environment
VSCODE_AMD_ENTRYPOINT = vs/workbench/api/node/extensionHostProcess
# environment
HOME = /Users/jleroux
# default
MAKEFILEPATH := /Applications/Xcode.app/Contents/Developer/Makefiles
# environment
VSCODE_CODE_CACHE_PATH = /Users/jleroux/Library/Application Support/Code/CachedData/30d9c6cd9483b2cc586687151bcbcd635f373630
# environment
LOGNAME = jleroux
# environment
APPLICATION_INSIGHTS_NO_DIAGNOSTIC_CHANNEL = 1
# environment
VSCODE_HANDLES_UNCAUGHT_ERRORS = true
# automatic
^D = $(patsubst %/,%,$(dir $^))
# environment
XPC_FLAGS = 0x0
# default
MAKE = $(MAKE_COMMAND)
# default
MAKECMDGOALS := all
# environment
HOMEBREW_CACHE = /tmp/jleroux/Homebrew/Caches
# environment
SHLVL = 1
# default
MAKE_VERSION := 3.81
# environment
USER = jleroux
# makefile
.DEFAULT_GOAL := all
# automatic
%D = $(patsubst %/,%,$(dir $%))
# default
MAKE_COMMAND := /Applications/Xcode.app/Contents/Developer/usr/bin/make
# default
.VARIABLES := 
# environment
TMPDIR = /var/folders/zz/zyxvpxvq6csfxvn_n000cb0w0032r7/T/
# automatic
*F = $(notdir $*)
# environment
VSCODE_IPC_HOOK = /Users/jleroux/Library/Application Support/Code/1.68.1-main.sock
# makefile
MAKEFLAGS = Rrqp
# environment
MFLAGS = -Rrqp
# automatic
*D = $(patsubst %/,%,$(dir $*))
# environment
XPC_SERVICE_NAME = com.microsoft.VSCode.2136
# makefile (from `Makefile', line 4)
OBJS_DIR = .
# automatic
+D = $(patsubst %/,%,$(dir $+))
# automatic
+F = $(notdir $+)
# environment
__CF_USER_TEXT_ENCODING = 0x18B07:0x0:0x0
# default
MAKEFILES := 
# automatic
<F = $(notdir $<)
# environment
LC_ALL = C
# makefile (from `Makefile', line 8)
LIBS = $(LIBFT_DIR)/libft.a
# automatic
^F = $(notdir $^)
# default
SUFFIXES := 
# default
.INCLUDE_DIRS = /usr/local/include
# environment
MAKELEVEL := 0
# environment
LANG = C
# environment
VSCODE_PID = 20840
# variable set hash-table stats:
# Load=74/1024=7%, Rehash=0, Collisions=5/109=5%

# Pattern-specific Variable Values

# No pattern-specific variable values.

# Directories

# . (device 16777225, inode 897863): 36 files, no impossibilities.
# ./srcs (device 16777225, inode 897937): 23 files, no impossibilities so far.
# srcs (device 16777225, inode 897937): 23 files, no impossibilities so far.

# 82 files, no impossibilities in 3 directories.

# Implicit Rules

%.o: ./srcs/%.c | .
#  commands to execute (from `Makefile', line 53):
	$(CC) -c $(CFLAGS) -o $@ $^ $(INCLUDES)
	

# 1 implicit rules, 0 (0.0%) terminal.

# Files

shift.o: srcs/shift.c | .
#  Implicit rule search has been done.
#  Implicit/static pattern stem: `shift'
#  Last modified 2022-06-29 11:14:00
#  File has been updated.
#  Successfully updated.
# variable set hash-table stats:
# Load=0/32=0%, Rehash=0, Collisions=0/0=0%
#  commands to execute (from `Makefile', line 53):
	$(CC) -c $(CFLAGS) -o $@ $^ $(INCLUDES)
	

.:
#  Implicit rule search has not been done.
#  Last modified 2022-06-29 11:15:02
#  File has been updated.
#  Successfully updated.
#  commands to execute (from `Makefile', line 50):
	@mkdir -p $@
	

# Not a target:
srcs/is_sorted.c:
#  Implicit rule search has been done.
#  Last modified 2022-06-29 10:58:35
#  File has been updated.
#  Successfully updated.
# variable set hash-table stats:
# Load=0/32=0%, Rehash=0, Collisions=0/0=0%

# Not a target:
srcs/is_int.c:
#  Implicit rule search has been done.
#  Last modified 2022-06-29 10:47:55
#  File has been updated.
#  Successfully updated.
# variable set hash-table stats:
# Load=0/32=0%, Rehash=0, Collisions=0/0=0%

get_biggest.o: srcs/get_biggest.c | .
#  Implicit rule search has been done.
#  Implicit/static pattern stem: `get_biggest'
#  Last modified 2022-06-29 11:14:00
#  File has been updated.
#  Successfully updated.
# variable set hash-table stats:
# Load=0/32=0%, Rehash=0, Collisions=0/0=0%
#  commands to execute (from `Makefile', line 53):
	$(CC) -c $(CFLAGS) -o $@ $^ $(INCLUDES)
	

is_sorted.o: srcs/is_sorted.c | .
#  Implicit rule search has been done.
#  Implicit/static pattern stem: `is_sorted'
#  Last modified 2022-06-29 11:14:00
#  File has been updated.
#  Successfully updated.
# variable set hash-table stats:
# Load=0/32=0%, Rehash=0, Collisions=0/0=0%
#  commands to execute (from `Makefile', line 53):
	$(CC) -c $(CFLAGS) -o $@ $^ $(INCLUDES)
	

copy_strs.o: srcs/copy_strs.c | .
#  Implicit rule search has been done.
#  Implicit/static pattern stem: `copy_strs'
#  Last modified 2022-06-29 11:14:00
#  File has been updated.
#  Successfully updated.
# variable set hash-table stats:
# Load=0/32=0%, Rehash=0, Collisions=0/0=0%
#  commands to execute (from `Makefile', line 53):
	$(CC) -c $(CFLAGS) -o $@ $^ $(INCLUDES)
	

all: push_swap
#  Phony target (prerequisite of .PHONY).
#  Command-line target.
#  Implicit rule search has not been done.
#  File does not exist.
#  File has been updated.
#  Successfully updated.
# variable set hash-table stats:
# Load=0/32=0%, Rehash=0, Collisions=0/0=0%

free_strs.o: srcs/free_strs.c | .
#  Implicit rule search has been done.
#  Implicit/static pattern stem: `free_strs'
#  Last modified 2022-06-29 11:14:00
#  File has been updated.
#  Successfully updated.
# variable set hash-table stats:
# Load=0/32=0%, Rehash=0, Collisions=0/0=0%
#  commands to execute (from `Makefile', line 53):
	$(CC) -c $(CFLAGS) -o $@ $^ $(INCLUDES)
	

.PHONY: all clean fclean re bonus test norminette
#  Implicit rule search has not been done.
#  Modification time never checked.
#  File has not been updated.

# Not a target:
srcs/count_arr.c:
#  Implicit rule search has been done.
#  Last modified 2022-06-29 10:47:55
#  File has been updated.
#  Successfully updated.
# variable set hash-table stats:
# Load=0/32=0%, Rehash=0, Collisions=0/0=0%

is_int.o: srcs/is_int.c | .
#  Implicit rule search has been done.
#  Implicit/static pattern stem: `is_int'
 
#  Last modified 2022-06-29 11:14:00
#  File has been updated.
#  Successfully updated.
# variable set hash-table stats:
# Load=0/32=0%, Rehash=0, Collisions=0/0=0%
#  commands to execute (from `Makefile', line 53):
	$(CC) -c $(CFLAGS) -o $@ $^ $(INCLUDES)
	

# Not a target:
srcs/sort.c:
#  Implicit rule search has been done.
#  Last modified 2022-06-29 11:08:19
#  File has been updated.
#  Successfully updated.
# variable set hash-table stats:
# Load=0/32=0%, Rehash=0, Collisions=0/0=0%

# Not a target:
srcs/get_smallest.c:
#  Implicit rule search has been done.
#  Last modified 2022-06-29 10:47:55
#  File has been updated.
#  Successfully updated.
# variable set hash-table stats:
# Load=0/32=0%, Rehash=0, Collisions=0/0=0%

rotate.o: srcs/rotate.c | .
#  Implicit rule search has been done.
#  Implicit/static pattern stem: `rotate'
#  Last modified 2022-06-29 11:14:00
#  File has been updated.
#  Successfully updated.
# variable set hash-table stats:
# Load=0/32=0%, Rehash=0, Collisions=0/0=0%
#  commands to execute (from `Makefile', line 53):
	$(CC) -c $(CFLAGS) -o $@ $^ $(INCLUDES)
	

# Not a target:
srcs/push_swap.c:
#  Implicit rule search has been done.
#  Last modified 2022-06-29 10:59:10
#  File has been updated.
#  Successfully updated.
# variable set hash-table stats:
# Load=0/32=0%, Rehash=0, Collisions=0/0=0%

# Not a target:
.SUFFIXES:
#  Implicit rule search has not been done.
#  Modification time never checked.
#  File has not been updated.

push.o: srcs/push.c | .
#  Implicit rule search has been done.
#  Implicit/static pattern stem: `push'
#  Last modified 2022-06-29 11:14:00
#  File has been updated.
#  Successfully updated.
# variable set hash-table stats:
# Load=0/32=0%, Rehash=0, Collisions=0/0=0%
#  commands to execute (from `Makefile', line 53):
	$(CC) -c $(CFLAGS) -o $@ $^ $(INCLUDES)
	

# Not a target:
Makefile:
#  Implicit rule search has been done.
#  Last modified 2022-06-29 11:08:40
#  File has been updated.
#  Successfully updated.
# variable set hash-table stats:
# Load=0/32=0%, Rehash=0, Collisions=0/0=0%

count_arr.o: srcs/count_arr.c | .
#  Implicit rule search has been done.
#  Implicit/static pattern stem: `count_arr'
#  Last modified 2022-06-29 11:14:00
#  File has been updated.
#  Successfully updated.
# variable set hash-table stats:
# Load=0/32=0%, Rehash=0, Collisions=0/0=0%
#  commands to execute (from `Makefile', line 53):
	$(CC) -c $(CFLAGS) -o $@ $^ $(INCLUDES)
	

sort.o: srcs/sort.c | .
#  Implicit rule search has been done.
#  Implicit/static pattern stem: `sort'
#  Last modified 2022-06-29 11:14:00
#  File has been updated.
#  Successfully updated.
# variable set hash-table stats:
# Load=0/32=0%, Rehash=0, Collisions=0/0=0%
#  commands to execute (from `Makefile', line 53):
	$(CC) -c $(CFLAGS) -o $@ $^ $(INCLUDES)
	

test: re
#  Phony target (prerequisite of .PHONY).
#  Implicit rule search has not been done.
#  File does not exist.
#  File has not been updated.
#  commands to execute (from `Makefile', line 63):
	./$(TARGET) 5 4 3 2 1 | ./checker_Mac 5 4 3 2 1
	

bubble_sort.o: srcs/bubble_sort.c | .
#  Implicit rule search has been done.
#  Implicit/static pattern stem: `bubble_sort'
#  Last modified 2022-06-29 11:14:00
#  File has been updated.
#  Successfully updated.
# variable set hash-table stats:
# Load=0/32=0%, Rehash=0, Collisions=0/0=0%
#  commands to execute (from `Makefile', line 53):
	$(CC) -c $(CFLAGS) -o $@ $^ $(INCLUDES)
	

# Not a target:
srcs/get_biggest.c:
#  Implicit rule search has been done.
#  Last modified 2022-06-29 10:58:26
#  File has been updated.
#  Successfully updated.
# variable set hash-table stats:
# Load=0/32=0%, Rehash=0, Collisions=0/0=0%

libft/libft.a:
#  Implicit rule search has not been done.
#  Last modified 2022-06-29 11:14:00
#  File has been updated.
#  Successfully updated.
#  commands to execute (from `Makefile', line 60):
	$(MAKE) -C $(LIBFT_DIR)
	

bonus:
#  Phony target (prerequisite of .PHONY).
#  Implicit rule search has not been done.
#  File does not exist.
#  File has not been updated.

fclean: clean
#  Phony target (prerequisite of .PHONY).
#  Implicit rule search has not been done.
#  File does not exist.
#  File has not been updated.
#  commands to execute (from `Makefile', line 44):
	$(MAKE) -C $(LIBFT_DIR) fclean
	rm -f $(TARGET)
	

norminette:
#  Phony target (prerequisite of .PHONY).
#  Implicit rule search has not been done.
#  File does not exist.
#  File has not been updated.
#  commands to execute (from `Makefile', line 66):
	-norminette $(SRCS) ft_printf.h
	-norminette $(LIBFT_DIR)
	

# Not a target:
srcs/free_strs.c:
#  Implicit rule search has been done.
#  Last modified 2022-06-29 10:47:55
#  File has been updated.
#  Successfully updated.
# variable set hash-table stats:
# Load=0/32=0%, Rehash=0, Collisions=0/0=0%

# Not a target:
srcs/copy_stack.c:
#  Implicit rule search has been done.
#  Last modified 2022-06-29 10:47:55
#  File has been updated.
#  Successfully updated.
# variable set hash-table stats:
# Load=0/32=0%, Rehash=0, Collisions=0/0=0%

# Not a target:
srcs/create_empty_stack.c:
#  Implicit rule search has been done.
#  Last modified 2022-06-29 10:50:08
#  File has been updated.
#  Successfully updated.
# variable set hash-table stats:
# Load=0/32=0%, Rehash=0, Collisions=0/0=0%

# Not a target:
.DEFAULT:
#  Implicit rule search has not been done.
#  Modification time never checked.
#  File has not been updated.

# Not a target:
srcs/swap.c:
#  Implicit rule search has been done.
#  Last modified 2022-06-29 10:47:55
#  File has been updated.
#  Successfully updated.
# variable set hash-table stats:
# Load=0/32=0%, Rehash=0, Collisions=0/0=0%

re: fclean all
#  Phony target (prerequisite of .PHONY).
#  Implicit rule search has not been done.
#  File does not exist.
#  File has not been updated.

clean:
#  Phony target (prerequisite of .PHONY).
#  Implicit rule search has not been done.
#  File does not exist.
#  File has not been updated.
#  commands to execute (from `Makefile', line 40):
	$(MAKE) -C $(LIBFT_DIR) clean
	rm -f $(OBJS) $(OBJS_BONUS)
	

# Not a target:
srcs/strs_to_ints.c:
#  Implicit rule search has been done.
#  Last modified 2022-06-29 11:00:03
#  File has been updated.
#  Successfully updated.
# variable set hash-table stats:
# Load=0/32=0%, Rehash=0, Collisions=0/0=0%

# Not a target:
srcs/check_input.c:
#  Implicit rule search has been done.
#  Last modified 2022-06-29 10:47:55
#  File has been updated.
#  Successfully updated.
# variable set hash-table stats:
# Load=0/32=0%, Rehash=0, Collisions=0/0=0%

push_swap.o: srcs/push_swap.c | .
#  Implicit rule search has been done.
#  Implicit/static pattern stem: `push_swap'
#  Last modified 2022-06-29 11:14:00
#  File has been updated.
#  Successfully updated.
# variable set hash-table stats:
# Load=0/32=0%, Rehash=0, Collisions=0/0=0%
#  commands to execute (from `Makefile', line 53):
	$(CC) -c $(CFLAGS) -o $@ $^ $(INCLUDES)
	

push_swap: libft/libft.a bubble_sort.o check_input.o chunk_to_b.o copy_stack.o copy_strs.o count_arr.o create_empty_stack.o free_strs.o get_biggest.o get_smallest.o is_int.o is_sorted.o push_swap.o push.o rotate.o shift.o smart_rotate.o sort.o strs_to_ints.o swap.o
#  Implicit rule search has not been done.
#  Last modified 2022-06-29 11:14:01
#  File has been updated.
#  Successfully updated.
# variable set hash-table stats:
# Load=0/32=0%, Rehash=0, Collisions=0/0=0%
#  commands to execute (from `Makefile', line 56):
	$(MAKE) -C $(LIBFT_DIR)
	$(CC) $(CFLAGS) -o $(TARGET) $(OBJS) $(LIBS)
	

copy_stack.o: srcs/copy_stack.c | .
#  Implicit rule search has been done.
#  Implicit/static pattern stem: `copy_stack'
#  Last modified 2022-06-29 11:14:00
#  File has been updated.
#  Successfully updated.
# variable set hash-table stats:
# Load=0/32=0%, Rehash=0, Collisions=0/0=0%
#  commands to execute (from `Makefile', line 53):
	$(CC) -c $(CFLAGS) -o $@ $^ $(INCLUDES)
	

create_empty_stack.o: srcs/create_empty_stack.c | .
#  Implicit rule search has been done.
#  Implicit/static pattern stem: `create_empty_stack'
#  Last modified 2022-06-29 11:14:00
#  File has been updated.
#  Successfully updated.
 
# variable set hash-table stats:
# Load=0/32=0%, Rehash=0, Collisions=0/0=0%
#  commands to execute (from `Makefile', line 53):
	$(CC) -c $(CFLAGS) -o $@ $^ $(INCLUDES)
	

# Not a target:
srcs/push.c:
#  Implicit rule search has been done.
#  Last modified 2022-06-29 10:58:42
#  File has been updated.
#  Successfully updated.
# variable set hash-table stats:
# Load=0/32=0%, Rehash=0, Collisions=0/0=0%

# Not a target:
srcs/smart_rotate.c:
#  Implicit rule search has been done.
#  Last modified 2022-06-29 10:59:41
#  File has been updated.
#  Successfully updated.
# variable set hash-table stats:
# Load=0/32=0%, Rehash=0, Collisions=0/0=0%

# Not a target:
srcs/chunk_to_b.c:
#  Implicit rule search has been done.
#  Last modified 2022-06-29 11:13:49
#  File has been updated.
#  Successfully updated.
# variable set hash-table stats:
# Load=0/32=0%, Rehash=0, Collisions=0/0=0%

swap.o: srcs/swap.c | .
#  Implicit rule search has been done.
#  Implicit/static pattern stem: `swap'
#  Last modified 2022-06-29 11:14:01
#  File has been updated.
#  Successfully updated.
# variable set hash-table stats:
# Load=0/32=0%, Rehash=0, Collisions=0/0=0%
#  commands to execute (from `Makefile', line 53):
	$(CC) -c $(CFLAGS) -o $@ $^ $(INCLUDES)
	

get_smallest.o: srcs/get_smallest.c | .
#  Implicit rule search has been done.
#  Implicit/static pattern stem: `get_smallest'
#  Last modified 2022-06-29 11:14:00
#  File has been updated.
#  Successfully updated.
# variable set hash-table stats:
# Load=0/32=0%, Rehash=0, Collisions=0/0=0%
#  commands to execute (from `Makefile', line 53):
	$(CC) -c $(CFLAGS) -o $@ $^ $(INCLUDES)
	

check_input.o: srcs/check_input.c | .
#  Implicit rule search has been done.
#  Implicit/static pattern stem: `check_input'
#  Last modified 2022-06-29 11:14:00
#  File has been updated.
#  Successfully updated.
# variable set hash-table stats:
# Load=0/32=0%, Rehash=0, Collisions=0/0=0%
#  commands to execute (from `Makefile', line 53):
	$(CC) -c $(CFLAGS) -o $@ $^ $(INCLUDES)
	

# Not a target:
srcs/shift.c:
#  Implicit rule search has been done.
#  Last modified 2022-06-29 10:59:35
#  File has been updated.
#  Successfully updated.
# variable set hash-table stats:
# Load=0/32=0%, Rehash=0, Collisions=0/0=0%

# Not a target:
srcs/rotate.c:
#  Implicit rule search has been done.
#  Last modified 2022-06-29 10:59:24
#  File has been updated.
#  Successfully updated.
# variable set hash-table stats:
# Load=0/32=0%, Rehash=0, Collisions=0/0=0%

strs_to_ints.o: srcs/strs_to_ints.c | .
#  Implicit rule search has been done.
#  Implicit/static pattern stem: `strs_to_ints'
#  Last modified 2022-06-29 11:14:00
#  File has been updated.
#  Successfully updated.
# variable set hash-table stats:
# Load=0/32=0%, Rehash=0, Collisions=0/0=0%
#  commands to execute (from `Makefile', line 53):
	$(CC) -c $(CFLAGS) -o $@ $^ $(INCLUDES)
	

# Not a target:
srcs/copy_strs.c:
#  Implicit rule search has been done.
#  Last modified 2022-06-29 10:47:55
#  File has been updated.
#  Successfully updated.
# variable set hash-table stats:
# Load=0/32=0%, Rehash=0, Collisions=0/0=0%

smart_rotate.o: srcs/smart_rotate.c | .
#  Implicit rule search has been done.
#  Implicit/static pattern stem: `smart_rotate'
#  Last modified 2022-06-29 11:14:00
#  File has been updated.
#  Successfully updated.
# variable set hash-table stats:
# Load=0/32=0%, Rehash=0, Collisions=0/0=0%
#  commands to execute (from `Makefile', line 53):
	$(CC) -c $(CFLAGS) -o $@ $^ $(INCLUDES)
	

chunk_to_b.o: srcs/chunk_to_b.c | .
#  Implicit rule search has been done.
#  Implicit/static pattern stem: `chunk_to_b'
#  Last modified 2022-06-29 11:14:00
#  File has been updated.
#  Successfully updated.
# variable set hash-table stats:
# Load=0/32=0%, Rehash=0, Collisions=0/0=0%
#  commands to execute (from `Makefile', line 53):
	$(CC) -c $(CFLAGS) -o $@ $^ $(INCLUDES)
	

# Not a target:
srcs/bubble_sort.c:
#  Implicit rule search has been done.
#  Last modified 2022-06-29 10:47:55
#  File has been updated.
#  Successfully updated.
# variable set hash-table stats:
# Load=0/32=0%, Rehash=0, Collisions=0/0=0%

# files hash-table stats:
# Load=54/1024=5%, Rehash=0, Collisions=26/200=13%
# VPATH Search Paths

# No `vpath' search paths.

# No general (`VPATH' variable) search path.

# # of strings in strcache: 1
# # of strcache buffers: 1
# strcache size: total = 4096 / max = 4096 / min = 4096 / avg = 4096
# strcache free: total = 4087 / max = 4087 / min = 4087 / avg = 4087

# Finished Make data base on Wed Jun 29 11:15:35 2022

 
